Added Component: Designator=BTN1(TACT12x12)
Add component. Clean all parameters for all variants
Added Component: Designator=BTN2(TACT12x12)
Add component. Clean all parameters for all variants
Added Component: Designator=C1(0805-C)
Add component. Clean all parameters for all variants
Add component (AddParameter): Name = "Napiêcie"; Value = "100V"; VariantName = "[No Variations]"
Add component (AddParameter): Name = "Pojemnoœæ"; Value = "100nF"; VariantName = "[No Variations]"
Added Component: Designator=C2(0805-C)
Add component. Clean all parameters for all variants
Add component (AddParameter): Name = "Napiêcie"; Value = "100V"; VariantName = "[No Variations]"
Add component (AddParameter): Name = "Pojemnoœæ"; Value = "100nF"; VariantName = "[No Variations]"
Added Component: Designator=CON1(IDC10_2mm_SMT)
Add component. Clean all parameters for all variants
Added Component: Designator=DISP1(SD1306-128x64)
Add component. Clean all parameters for all variants
Added Component: Designator=LED1(LED5mm_plaska_GREEN)
Add component. Clean all parameters for all variants
Added Component: Designator=LED2(LED5mm_plaska_RED)
Add component. Clean all parameters for all variants
Added Component: Designator=R1(0805-R)
Add component. Clean all parameters for all variants
Add component (AddParameter): Name = "Moc"; Value = "1/2 W"; VariantName = "[No Variations]"
Add component (AddParameter): Name = "Rezystancja"; Value = "330R"; VariantName = "[No Variations]"
Added Component: Designator=R2(0805-R)
Add component. Clean all parameters for all variants
Add component (AddParameter): Name = "Moc"; Value = "1/2 W"; VariantName = "[No Variations]"
Add component (AddParameter): Name = "Rezystancja"; Value = "330R"; VariantName = "[No Variations]"
Added Pin To Net: NetName=5V Pin=CON1-3
Added Pin To Net: NetName=5V Pin=LED1-1
Added Pin To Net: NetName=5V Pin=LED2-1
Added Net: Name=5V
Added Pin To Net: NetName=GND Pin=BTN1-3
Added Pin To Net: NetName=GND Pin=BTN1-4
Added Pin To Net: NetName=GND Pin=BTN2-3
Added Pin To Net: NetName=GND Pin=BTN2-4
Added Pin To Net: NetName=GND Pin=C1-1
Added Pin To Net: NetName=GND Pin=C2-1
Added Pin To Net: NetName=GND Pin=CON1-2
Added Pin To Net: NetName=GND Pin=CON1-4
Added Pin To Net: NetName=GND Pin=DISP1-1
Added Net: Name=GND
Added Pin To Net: NetName=NetBTN1_1 Pin=BTN1-1
Added Pin To Net: NetName=NetBTN1_1 Pin=BTN1-2
Added Pin To Net: NetName=NetBTN1_1 Pin=C1-2
Added Pin To Net: NetName=NetBTN1_1 Pin=CON1-1
Added Net: Name=NetBTN1_1
Added Pin To Net: NetName=NetBTN2_1 Pin=BTN2-1
Added Pin To Net: NetName=NetBTN2_1 Pin=BTN2-2
Added Pin To Net: NetName=NetBTN2_1 Pin=C2-2
Added Pin To Net: NetName=NetBTN2_1 Pin=CON1-9
Added Net: Name=NetBTN2_1
Added Pin To Net: NetName=NetCON1_5 Pin=CON1-5
Added Pin To Net: NetName=NetCON1_5 Pin=R1-1
Added Net: Name=NetCON1_5
Added Pin To Net: NetName=NetCON1_6 Pin=CON1-6
Added Pin To Net: NetName=NetCON1_6 Pin=DISP1-2
Added Net: Name=NetCON1_6
Added Pin To Net: NetName=NetCON1_7 Pin=CON1-7
Added Pin To Net: NetName=NetCON1_7 Pin=R2-1
Added Net: Name=NetCON1_7
Added Pin To Net: NetName=NetCON1_8 Pin=CON1-8
Added Pin To Net: NetName=NetCON1_8 Pin=DISP1-3
Added Net: Name=NetCON1_8
Added Pin To Net: NetName=NetCON1_10 Pin=CON1-10
Added Pin To Net: NetName=NetCON1_10 Pin=DISP1-4
Added Net: Name=NetCON1_10
Added Pin To Net: NetName=NetLED1_2 Pin=LED1-2
Added Pin To Net: NetName=NetLED1_2 Pin=R1-2
Added Net: Name=NetLED1_2
Added Pin To Net: NetName=NetLED2_2 Pin=LED2-2
Added Pin To Net: NetName=NetLED2_2 Pin=R2-2
Added Net: Name=NetLED2_2
Added Class: Name=GymkhanaStoper v1.6
Added Room: Name=GymkhanaStoper v1.6
