Replace Part B1 Buzzer in D:\GitHub\ard-gymk-stopwatch-SSD1306-final\altium\GymkhanaStoper v1.6 Main.SchDoc with Buzzer from Moduly.SchLib
Replace Part BAT1 YUASA-ACCU-HP0.8-12/Y in D:\GitHub\ard-gymk-stopwatch-SSD1306-final\altium\GymkhanaStoper v1.6 Main.SchDoc with YUASA-ACCU-HP0.8-12/Y from Zasilanie.SchLib
Replace Part C1 C+ in D:\GitHub\ard-gymk-stopwatch-SSD1306-final\altium\GymkhanaStoper v1.6 Main.SchDoc with C+ from C.SchLib
Replace Part C2 C in D:\GitHub\ard-gymk-stopwatch-SSD1306-final\altium\GymkhanaStoper v1.6 Main.SchDoc with C from C.SchLib
Replace Part C3 C in D:\GitHub\ard-gymk-stopwatch-SSD1306-final\altium\GymkhanaStoper v1.6 Main.SchDoc with C from C.SchLib
Replace Part C4 C+ in D:\GitHub\ard-gymk-stopwatch-SSD1306-final\altium\GymkhanaStoper v1.6 Main.SchDoc with C+ from C.SchLib
Replace Part C5 C in D:\GitHub\ard-gymk-stopwatch-SSD1306-final\altium\GymkhanaStoper v1.6 Main.SchDoc with C from C.SchLib
Replace Part Con1 FCR681465P in D:\GitHub\ard-gymk-stopwatch-SSD1306-final\altium\GymkhanaStoper v1.6 Main.SchDoc with FCR681465P from Konektory.SchLib
Replace Part CON2 IDC10_2mm_SMD in D:\GitHub\ard-gymk-stopwatch-SSD1306-final\altium\GymkhanaStoper v1.6 Main.SchDoc with IDC10_2mm_SMD from Konektory.SchLib
Replace Part Con3 Con4 in D:\GitHub\ard-gymk-stopwatch-SSD1306-final\altium\GymkhanaStoper v1.6 Main.SchDoc with Con4 from Konektory.SchLib
Replace Part Con4 Con2 in D:\GitHub\ard-gymk-stopwatch-SSD1306-final\altium\GymkhanaStoper v1.6 Main.SchDoc with Con2 from Konektory.SchLib
Replace Part R1 R in D:\GitHub\ard-gymk-stopwatch-SSD1306-final\altium\GymkhanaStoper v1.6 Main.SchDoc with R from R.SchLib
Replace Part R2 R in D:\GitHub\ard-gymk-stopwatch-SSD1306-final\altium\GymkhanaStoper v1.6 Main.SchDoc with R from R.SchLib
Replace Part R3 R in D:\GitHub\ard-gymk-stopwatch-SSD1306-final\altium\GymkhanaStoper v1.6 Main.SchDoc with R from R.SchLib
Replace Part R4 R in D:\GitHub\ard-gymk-stopwatch-SSD1306-final\altium\GymkhanaStoper v1.6 Main.SchDoc with R from R.SchLib
Replace Part SW1 SP3T ON-OFF-ON in D:\GitHub\ard-gymk-stopwatch-SSD1306-final\altium\GymkhanaStoper v1.6 Main.SchDoc with SP3T ON-OFF-ON from Przyciski.SchLib
Replace Part SW2 SPDT ON-ON in D:\GitHub\ard-gymk-stopwatch-SSD1306-final\altium\GymkhanaStoper v1.6 Main.SchDoc with SPDT ON-ON from Przyciski.SchLib
Replace Part U1 MP1584EN in D:\GitHub\ard-gymk-stopwatch-SSD1306-final\altium\GymkhanaStoper v1.6 Main.SchDoc with MP1584EN from Moduly.SchLib
Replace Part U2 NANO in D:\GitHub\ard-gymk-stopwatch-SSD1306-final\altium\GymkhanaStoper v1.6 Main.SchDoc with NANO from Arduino.SchLib
Replace Part U3 PC817 in D:\GitHub\ard-gymk-stopwatch-SSD1306-final\altium\GymkhanaStoper v1.6 Main.SchDoc with PC817 from Scalaki.SchLib
Replace Part U4 PC817 in D:\GitHub\ard-gymk-stopwatch-SSD1306-final\altium\GymkhanaStoper v1.6 Main.SchDoc with PC817 from Scalaki.SchLib
Replace Part U5 NRF24L01 in D:\GitHub\ard-gymk-stopwatch-SSD1306-final\altium\GymkhanaStoper v1.6 Main.SchDoc with NRF24L01 from Moduly.SchLib
