Removed Pin From Net: NetName=NetCON2_1 Pin=CON2-1
Removed Pin From Net: NetName=sGND Pin=CON2-2
Removed Pin From Net: NetName=sGND Pin=CON2-2
Removed Pin From Net: NetName=5V Pin=CON2-3
Removed Pin From Net: NetName=sGND Pin=CON2-4
Removed Pin From Net: NetName=NetCON2_5 Pin=CON2-5
Removed Pin From Net: NetName=NetCON2_5 Pin=CON2-5
Removed Pin From Net: NetName=NetCON2_5 Pin=CON2-5
Removed Pin From Net: NetName=3.3V Pin=CON2-6
Removed Pin From Net: NetName=NetCON2_7 Pin=CON2-7
Removed Pin From Net: NetName=NetCON2_8 Pin=CON2-8
Removed Pin From Net: NetName=NetCON2_9 Pin=CON2-9
Removed Pin From Net: NetName=NetCON2_10 Pin=CON2-10
Added Component: Designator=CON2(IDC10_2.54mm_THT)
Add component. Clean all parameters for all variants
Added Pin To Net: NetName=NetCON2_1 Pin=CON2-1
Added Pin To Net: NetName=sGND Pin=CON2-2
Added Pin To Net: NetName=5V Pin=CON2-3
Added Pin To Net: NetName=sGND Pin=CON2-4
Added Pin To Net: NetName=NetCON2_5 Pin=CON2-5
Added Pin To Net: NetName=3.3V Pin=CON2-6
Added Pin To Net: NetName=NetCON2_7 Pin=CON2-7
Added Pin To Net: NetName=NetCON2_8 Pin=CON2-8
Added Pin To Net: NetName=NetCON2_9 Pin=CON2-9
Added Pin To Net: NetName=NetCON2_10 Pin=CON2-10
