Removed Pin From Net: NetName=sGND Pin=U2-3
Removed Pin From Net: NetName=NetR1_1 Pin=U2-4
Removed Pin From Net: NetName=NetR3_1 Pin=U2-5
Removed Pin From Net: NetName=NetC2_2 Pin=U2-6
Removed Pin From Net: NetName=NetB1_2 Pin=U2-7
Removed Pin From Net: NetName=NetSW2_1 Pin=U2-9
Removed Pin From Net: NetName=NetU2_11 Pin=U2-11
Removed Pin From Net: NetName=3.3V Pin=U2-16
Removed Pin From Net: NetName=NetCON2_8 Pin=U2-20
Removed Pin From Net: NetName=NetCON2_10 Pin=U2-21
Removed Pin From Net: NetName=NetCON2_9 Pin=U2-22
Removed Pin From Net: NetName=NetCON2_1 Pin=U2-23
Removed Pin From Net: NetName=NetCON2_5 Pin=U2-25
Removed Pin From Net: NetName=5V Pin=U2-26
Removed Pin From Net: NetName=sGND Pin=U2-28
Removed Pin From Net: NetName=7V Pin=U2-29
Removed Pin From Net: NetName=NetU2_11 Pin=U5-3
Removed Pin From Net: NetName=NetU2_12 Pin=U5-4
Removed Pin From Net: NetName=NetU2_15 Pin=U5-5
Removed Pin From Net: NetName=NetU2_13 Pin=U5-6
Removed Pin From Net: NetName=NetU2_14 Pin=U5-7
Change Component Footprint: Designator=U3 Old Footprint=4SMD New Footprint=SOP4
Change Component Footprint: Designator=U4 Old Footprint=4SMD New Footprint=SOP4
Change Component Footprint: Designator=C4 Old Footprint=4x7x1.27 New Footprint=8x10_SMD
Change Component Footprint: Designator=R2 Old Footprint=6.5x2.5x10 New Footprint=1206-R
Change Component Footprint: Designator=R4 Old Footprint=6.5x2.5x10 New Footprint=1206-R
Change Component Footprint: Designator=R1 Old Footprint=6.5x2.5x14 New Footprint=1206-R
Change Component Footprint: Designator=R3 Old Footprint=6.5x2.5x14 New Footprint=1206-R
Change Component Footprint: Designator=C1 Old Footprint=10x12.5x4.4 New Footprint=8x10_SMD
Change Component Footprint: Designator=C2 Old Footprint=0805-C New Footprint=0603-C
Change Component Footprint: Designator=C3 Old Footprint=0805-C New Footprint=0603-C
Change Component Footprint: Designator=C5 Old Footprint=0805-C New Footprint=0603-C
Change Component Footprint: Designator=CON2 Old Footprint=IDC10_2.54mm_Tasma New Footprint=IDC10_2.54mm_SMT
Change Component Footprint: Designator=Con4 Old Footprint=KK2_2.54mm New Footprint=KK2_4mm_JST
Change Component Footprint: Designator=Con3 Old Footprint=KK4_2.54mm New Footprint=KK4_2.54mm 90DEG
Change Component Comment : Designator=CON2 Old Comment=IDC10_2.54mm New Comment=*
Change component parameters: Designator = "C1"; Footprint = "8x10_SMD"; UniqueID = "\ALJBTAME"
Change component parameters. Clean all parameters for all variants
Change component parameters (AddParameter): Name = "Napiêcie"; Value = "100V"; VariantName = "[No Variations]"
Change component parameters (AddParameter): Name = "Pojemnoœæ"; Value = "1uF"; VariantName = "[No Variations]"
Change component parameters: Designator = "R1"; Footprint = "1206-R"; UniqueID = "\VEQCMGXL"
Change component parameters. Clean all parameters for all variants
Change component parameters (AddParameter): Name = "Moc"; Value = "1/2 W"; VariantName = "[No Variations]"
Change component parameters (AddParameter): Name = "Rezystancja"; Value = "100R"; VariantName = "[No Variations]"
Change component parameters: Designator = "R2"; Footprint = "1206-R"; UniqueID = "\NPFEMRST"
Change component parameters. Clean all parameters for all variants
Change component parameters (AddParameter): Name = "Moc"; Value = "1/2 W"; VariantName = "[No Variations]"
Change component parameters (AddParameter): Name = "Rezystancja"; Value = "100R"; VariantName = "[No Variations]"
Change component parameters: Designator = "R3"; Footprint = "1206-R"; UniqueID = "\ULQOOVGK"
Change component parameters. Clean all parameters for all variants
Change component parameters (AddParameter): Name = "Moc"; Value = "1/2 W"; VariantName = "[No Variations]"
Change component parameters (AddParameter): Name = "Rezystancja"; Value = "100R"; VariantName = "[No Variations]"
Change component parameters: Designator = "R4"; Footprint = "1206-R"; UniqueID = "\HOKOBKYD"
Change component parameters. Clean all parameters for all variants
Change component parameters (AddParameter): Name = "Moc"; Value = "1/2 W"; VariantName = "[No Variations]"
Change component parameters (AddParameter): Name = "Rezystancja"; Value = "100R"; VariantName = "[No Variations]"
Added Pin To Net: NetName=sGND Pin=U2-4
Added Pin To Net: NetName=NetR1_1 Pin=U2-5
Added Pin To Net: NetName=NetR3_1 Pin=U2-6
Added Pin To Net: NetName=NetC2_2 Pin=U2-7
Added Pin To Net: NetName=NetB1_2 Pin=U2-8
Added Pin To Net: NetName=NetSW2_1 Pin=U2-10
Added Pin To Net: NetName=NetU2_11 Pin=U2-16
Added Pin To Net: NetName=3.3V Pin=U2-17
Added Pin To Net: NetName=NetCON2_8 Pin=U2-21
Added Pin To Net: NetName=NetCON2_10 Pin=U2-22
Added Pin To Net: NetName=NetCON2_5 Pin=U2-23
Added Pin To Net: NetName=NetCON2_1 Pin=U2-25
Added Pin To Net: NetName=NetCON2_9 Pin=U2-26
Added Pin To Net: NetName=5V Pin=U2-27
Added Pin To Net: NetName=sGND Pin=U2-29
Added Pin To Net: NetName=NetU2_12 Pin=U5-3
Added Pin To Net: NetName=NetU2_13 Pin=U5-4
Added Pin To Net: NetName=NetU2_11 Pin=U5-5
Added Pin To Net: NetName=NetU2_14 Pin=U5-6
Added Pin To Net: NetName=NetU2_15 Pin=U5-7
Change Net Name : Old Net Name=NetU2_11 New Net Name=NetU2_16
Added Member To Class: ClassName=GymkhanaStoper v1.6 Main Member=Component Con1 *
Added Member To Class: ClassName=GymkhanaStoper v1.6 Main Member=Component CON2 *
Added Member To Class: ClassName=GymkhanaStoper v1.6 Main Member=Component Con3 *
Added Member To Class: ClassName=GymkhanaStoper v1.6 Main Member=Component R1 rezystor
Added Member To Class: ClassName=GymkhanaStoper v1.6 Main Member=Component R2 rezystor
Added Member To Class: ClassName=GymkhanaStoper v1.6 Main Member=Component R3 rezystor
Added Member To Class: ClassName=GymkhanaStoper v1.6 Main Member=Component R4 rezystor
Added Member To Class: ClassName=GymkhanaStoper v1.6 Main Member=Component SW2 *
Added Member To Class: ClassName=GymkhanaStoper v1.6 Main Member=Component U3 *
Added Member To Class: ClassName=GymkhanaStoper v1.6 Main Member=Component U4 *
Added Member To Class: ClassName=GymkhanaStoper v1.6 Main Member=Component U5 NRF24L01
